<?xml version="1.0" encoding="UTF-8"?>
<testng-results ignored="0" total="1" passed="1" failed="0" skipped="0">
  <reporter-output>
  </reporter-output>
  <suite started-at="2022-09-17T15:44:27 IST" name="FlipkartSuite" finished-at="2022-09-17T15:44:45 IST" duration-ms="18381">
    <groups>
    </groups>
    <test started-at="2022-09-17T15:44:27 IST" name="Test" finished-at="2022-09-17T15:44:45 IST" duration-ms="18381">
      <class name="testPack.VerifyHomepage">
        <test-method is-config="true" signature="browserlounch()[pri:0, instance:testPack.VerifyHomepage@7c729a55]" started-at="2022-09-17T15:44:27 IST" name="browserlounch" finished-at="2022-09-17T15:44:38 IST" duration-ms="10510" status="PASS">
          <reporter-output>
          </reporter-output>
        </test-method> <!-- browserlounch -->
        <test-method is-config="true" signature="lounchApp()[pri:0, instance:testPack.VerifyHomepage@7c729a55]" started-at="2022-09-17T15:44:38 IST" name="lounchApp" finished-at="2022-09-17T15:44:45 IST" duration-ms="7340" status="PASS">
          <reporter-output>
          </reporter-output>
        </test-method> <!-- lounchApp -->
        <test-method signature="verifyTitle()[pri:0, instance:testPack.VerifyHomepage@7c729a55]" started-at="2022-09-17T15:44:45 IST" name="verifyTitle" finished-at="2022-09-17T15:44:45 IST" duration-ms="46" status="PASS">
          <reporter-output>
          </reporter-output>
        </test-method> <!-- verifyTitle -->
        <test-method is-config="true" signature="logoutApp()[pri:0, instance:testPack.VerifyHomepage@7c729a55]" started-at="2022-09-17T15:44:45 IST" name="logoutApp" finished-at="2022-09-17T15:44:45 IST" duration-ms="1" status="PASS">
          <reporter-output>
          </reporter-output>
        </test-method> <!-- logoutApp -->
        <test-method is-config="true" signature="closingbrowser()[pri:0, instance:testPack.VerifyHomepage@7c729a55]" started-at="2022-09-17T15:44:45 IST" name="closingbrowser" finished-at="2022-09-17T15:44:45 IST" duration-ms="413" status="PASS">
          <reporter-output>
          </reporter-output>
        </test-method> <!-- closingbrowser -->
      </class> <!-- testPack.VerifyHomepage -->
    </test> <!-- Test -->
  </suite> <!-- FlipkartSuite -->
</testng-results>
